<?xml version="1.0" encoding="UTF-8"?>
<!-- Generated by org.testng.reporters.JUnitReportReporter -->
<testsuite hostname="VenkatM3IN" failures="0" tests="1" name="com.Sumtotal.testCases.TC_Login_001" time="23.779" errors="0" timestamp="2021-11-23T21:42:23 IST" skipped="0">
  <testcase classname="com.Sumtotal.testCases.TC_Login_001" name="ValidateLogin" time="23.779"/>
  <system-out/>
</testsuite> <!-- com.Sumtotal.testCases.TC_Login_001 -->
