<?xml version="1.0" encoding="UTF-8"?>
<!-- Generated by org.testng.reporters.JUnitReportReporter -->
<testsuite hostname="VenkatM3IN" failures="0" tests="1" name="com.Sumtotal.testCases.Login" time="20.710" errors="0" timestamp="2021-11-23T19:37:23 IST" skipped="0">
  <testcase classname="com.Sumtotal.testCases.Login" name="ValidateLogin" time="20.710"/>
  <system-out/>
</testsuite> <!-- com.Sumtotal.testCases.Login -->
