<?xml version="1.0" encoding="UTF-8"?>
<!-- Generated by org.testng.reporters.JUnitReportReporter -->
<testsuite skipped="0" hostname="VenkatM3IN" name="com.Sumtotal.testCases.TC_Login_001" tests="1" failures="0" timestamp="2021-11-23T22:00:49 IST" time="28.368" errors="0">
  <testcase name="ValidateLogin" time="28.368" classname="com.Sumtotal.testCases.TC_Login_001"/>
  <system-out/>
</testsuite> <!-- com.Sumtotal.testCases.TC_Login_001 -->
